This is pdfTeX, Version 3.14159265-2.6-1.40.20 (MiKTeX 2.9.7000 64-bit) (preloaded format=pdflatex 2019.6.17)  18 NOV 2019 00:13
entering extended mode
**./Tesis.tex
(Tesis.tex
LaTeX2e <2018-12-01>
("C:\Users\edwin\AppData\Local\Programs\MiKTeX 2.9\tex/latex/base\report.cls"
Document Class: report 2018/09/03 v1.4i Standard LaTeX document class
("C:\Users\edwin\AppData\Local\Programs\MiKTeX 2.9\tex/latex/base\size12.clo"
File: size12.clo 2018/09/03 v1.4i Standard LaTeX file (size option)
)
\c@part=\count80
\c@chapter=\count81
\c@section=\count82
\c@subsection=\count83
\c@subsubsection=\count84
\c@paragraph=\count85
\c@subparagraph=\count86
\c@figure=\count87
\c@table=\count88
\abovecaptionskip=\skip41
\belowcaptionskip=\skip42
\bibindent=\dimen102
)
("C:\Users\edwin\AppData\Local\Programs\MiKTeX 2.9\tex/latex/vmargin\vmargin.st
y"
Package: vmargin 2004/07/15 V2.5 set document margins (VK)

Package: vmargin 2004/07/15 V2.5 set document margins (VK)
\PaperWidth=\dimen103
\PaperHeight=\dimen104
) ("C:\Users\edwin\AppData\Local\Programs\MiKTeX 2.9\tex/generic/babel\babel.st
y"
Package: babel 2019/04/01 3.28 The Babel package

("C:\Users\edwin\AppData\Local\Programs\MiKTeX 2.9\tex/generic/babel\switch.def
"
File: switch.def 2019/04/01 3.28 Babel switching mechanism
)
*************************************
* Local config file bblopts.cfg used
*
("C:\Users\edwin\AppData\Local\Programs\MiKTeX 2.9\tex/latex/arabi\bblopts.cfg"
File: bblopts.cfg 2005/09/08 v0.1 add Arabic and Farsi to "declared" options of
 babel
)
("C:\Users\edwin\AppData\Local\Programs\MiKTeX 2.9\tex/latex/babel-spanish\span
ish.ldf"
Language: spanish.ldf 2016/03/03 v5.0p Spanish support from the babel system

("C:\Users\edwin\AppData\Local\Programs\MiKTeX 2.9\tex/generic/babel\babel.def"
File: babel.def 2019/04/01 3.28 Babel common definitions
\babel@savecnt=\count89
\U@D=\dimen105

("C:\Users\edwin\AppData\Local\Programs\MiKTeX 2.9\tex/generic/babel\txtbabel.d
ef")
\bbl@dirlevel=\count90
)
\es@quottoks=\toks14
\es@quotdepth=\count91
Package babel Info: Making " an active character on input line 561.
Package babel Info: Making . an active character on input line 662.
Package babel Info: Making < an active character on input line 707.
Package babel Info: Making > an active character on input line 707.
))
("C:\Users\edwin\AppData\Local\Programs\MiKTeX 2.9\tex/latex/tools\longtable.st
y"
Package: longtable 2014/10/28 v4.11 Multi-page Table package (DPC)+ FMi change
\LTleft=\skip43
\LTright=\skip44
\LTpre=\skip45
\LTpost=\skip46
\LTchunksize=\count92
\LTcapwidth=\dimen106
\LT@head=\box27
\LT@firsthead=\box28
\LT@foot=\box29
\LT@lastfoot=\box30
\LT@cols=\count93
\LT@rows=\count94
\c@LT@tables=\count95
\c@LT@chunks=\count96
\LT@p@ftn=\toks15
)
("C:\Users\edwin\AppData\Local\Programs\MiKTeX 2.9\tex/latex/multirow\multirow.
sty"
Package: multirow 2019/01/01 v2.4 Span multiple rows of a table
\multirow@colwidth=\skip47
\multirow@cntb=\count97
\multirow@dima=\skip48
\bigstrutjot=\dimen107
)
("C:\Users\edwin\AppData\Local\Programs\MiKTeX 2.9\tex/latex/amsmath\amsmath.st
y"
Package: amsmath 2018/12/01 v2.17b AMS math features
\@mathmargin=\skip49

For additional information on amsmath, use the `?' option.

("C:\Users\edwin\AppData\Local\Programs\MiKTeX 2.9\tex/latex/amsmath\amstext.st
y"
Package: amstext 2000/06/29 v2.01 AMS text

("C:\Users\edwin\AppData\Local\Programs\MiKTeX 2.9\tex/latex/amsmath\amsgen.sty
"
File: amsgen.sty 1999/11/30 v2.0 generic functions
\@emptytoks=\toks16
\ex@=\dimen108
))
("C:\Users\edwin\AppData\Local\Programs\MiKTeX 2.9\tex/latex/amsmath\amsbsy.sty
"
Package: amsbsy 1999/11/29 v1.2d Bold Symbols
\pmbraise@=\dimen109
)
("C:\Users\edwin\AppData\Local\Programs\MiKTeX 2.9\tex/latex/amsmath\amsopn.sty
"
Package: amsopn 2016/03/08 v2.02 operator names
)
\inf@bad=\count98
LaTeX Info: Redefining \frac on input line 223.
\uproot@=\count99
\leftroot@=\count100
LaTeX Info: Redefining \overline on input line 385.
\classnum@=\count101
\DOTSCASE@=\count102
LaTeX Info: Redefining \ldots on input line 482.
LaTeX Info: Redefining \dots on input line 485.
LaTeX Info: Redefining \cdots on input line 606.
\Mathstrutbox@=\box31
\strutbox@=\box32
\big@size=\dimen110
LaTeX Font Info:    Redeclaring font encoding OML on input line 729.
LaTeX Font Info:    Redeclaring font encoding OMS on input line 730.
\macc@depth=\count103
\c@MaxMatrixCols=\count104
\dotsspace@=\muskip10
\c@parentequation=\count105
\dspbrk@lvl=\count106
\tag@help=\toks17
\row@=\count107
\column@=\count108
\maxfields@=\count109
\andhelp@=\toks18
\eqnshift@=\dimen111
\alignsep@=\dimen112
\tagshift@=\dimen113
\tagwidth@=\dimen114
\totwidth@=\dimen115
\lineht@=\dimen116
\@envbody=\toks19
\multlinegap=\skip50
\multlinetaggap=\skip51
\mathdisplay@stack=\toks20
LaTeX Info: Redefining \[ on input line 2844.
LaTeX Info: Redefining \] on input line 2845.
)
("C:\Users\edwin\AppData\Local\Programs\MiKTeX 2.9\tex/latex/amsfonts\amssymb.s
ty"
Package: amssymb 2013/01/14 v3.01 AMS font symbols

("C:\Users\edwin\AppData\Local\Programs\MiKTeX 2.9\tex/latex/amsfonts\amsfonts.
sty"
Package: amsfonts 2013/01/14 v3.01 Basic AMSFonts support
\symAMSa=\mathgroup4
\symAMSb=\mathgroup5
LaTeX Font Info:    Overwriting math alphabet `\mathfrak' in version `bold'
(Font)                  U/euf/m/n --> U/euf/b/n on input line 106.
))
("C:\Users\edwin\AppData\Local\Programs\MiKTeX 2.9\tex/latex/base\latexsym.sty"
Package: latexsym 1998/08/17 v2.2e Standard LaTeX package (lasy symbols)
\symlasy=\mathgroup6
LaTeX Font Info:    Overwriting symbol font `lasy' in version `bold'
(Font)                  U/lasy/m/n --> U/lasy/b/n on input line 52.
)
("C:\Users\edwin\AppData\Local\Programs\MiKTeX 2.9\tex/latex/anyfontsize\anyfon
tsize.sty"
Package: anyfontsize 2007/11/22 anyfontsize.sty by pts
)
("C:\Users\edwin\AppData\Local\Programs\MiKTeX 2.9\tex/latex/graphics\color.sty
"
Package: color 2016/07/10 v1.1e Standard LaTeX Color (DPC)

("C:\Users\edwin\AppData\Local\Programs\MiKTeX 2.9\tex/latex/graphics-cfg\color
.cfg"
File: color.cfg 2016/01/02 v1.6 sample color configuration
)
Package color Info: Driver file: pdftex.def on input line 147.

("C:\Users\edwin\AppData\Local\Programs\MiKTeX 2.9\tex/latex/graphics-def\pdfte
x.def"
File: pdftex.def 2018/01/08 v1.0l Graphics/color driver for pdftex
))
("C:\Users\edwin\AppData\Local\Programs\MiKTeX 2.9\tex/latex/base\alltt.sty"
Package: alltt 1997/06/16 v2.0g defines alltt environment
)
("C:\Users\edwin\AppData\Local\Programs\MiKTeX 2.9\tex/latex/psnfss\times.sty"
Package: times 2005/04/12 PSNFSS-v9.2a (SPQR) 
)
("C:\Users\edwin\AppData\Local\Programs\MiKTeX 2.9\tex/latex/setspace\setspace.
sty"
Package: setspace 2011/12/19 v6.7a set line spacing
)
("C:\Users\edwin\AppData\Local\Programs\MiKTeX 2.9\tex/latex/booktabs\booktabs.
sty"
Package: booktabs 2005/04/14 v1.61803 publication quality tables
\heavyrulewidth=\dimen117
\lightrulewidth=\dimen118
\cmidrulewidth=\dimen119
\belowrulesep=\dimen120
\belowbottomsep=\dimen121
\aboverulesep=\dimen122
\abovetopsep=\dimen123
\cmidrulesep=\dimen124
\cmidrulekern=\dimen125
\defaultaddspace=\dimen126
\@cmidla=\count110
\@cmidlb=\count111
\@aboverulesep=\dimen127
\@belowrulesep=\dimen128
\@thisruleclass=\count112
\@lastruleclass=\count113
\@thisrulewidth=\dimen129
)
("C:\Users\edwin\AppData\Local\Programs\MiKTeX 2.9\tex/latex/appendix\appendix.
sty"
Package: appendix 2009/09/02 v1.2b extra appendix facilities
\c@@pps=\count114
\c@@ppsavesec=\count115
\c@@ppsaveapp=\count116
) ("C:\Users\edwin\AppData\Local\Programs\MiKTeX 2.9\tex/latex/url\url.sty"
\Urlmuskip=\muskip11
Package: url 2013/09/16  ver 3.4  Verb mode for urls, etc.
)
("C:\Users\edwin\AppData\Local\Programs\MiKTeX 2.9\tex/latex/pdfpages\pdfpages.
sty"
Package: pdfpages 2017/10/31 v0.5l Insert pages of external PDF documents (AM)

("C:\Users\edwin\AppData\Local\Programs\MiKTeX 2.9\tex/latex/base\ifthen.sty"
Package: ifthen 2014/09/29 v1.1c Standard LaTeX ifthen package (DPC)
)
("C:\Users\edwin\AppData\Local\Programs\MiKTeX 2.9\tex/latex/tools\calc.sty"
Package: calc 2017/05/25 v4.3 Infix arithmetic (KKT,FJ)
\calc@Acount=\count117
\calc@Bcount=\count118
\calc@Adimen=\dimen130
\calc@Bdimen=\dimen131
\calc@Askip=\skip52
\calc@Bskip=\skip53
LaTeX Info: Redefining \setlength on input line 80.
LaTeX Info: Redefining \addtolength on input line 81.
\calc@Ccount=\count119
\calc@Cskip=\skip54
)
("C:\Users\edwin\AppData\Local\Programs\MiKTeX 2.9\tex/latex/eso-pic\eso-pic.st
y"
Package: eso-pic 2018/04/12 v2.0h eso-pic (RN)

("C:\Users\edwin\AppData\Local\Programs\MiKTeX 2.9\tex/generic/oberdiek\atbegsh
i.sty"
Package: atbegshi 2016/06/09 v1.18 At begin shipout hook (HO)

("C:\Users\edwin\AppData\Local\Programs\MiKTeX 2.9\tex/generic/oberdiek\infware
rr.sty"
Package: infwarerr 2016/05/16 v1.4 Providing info/warning/error messages (HO)
)
("C:\Users\edwin\AppData\Local\Programs\MiKTeX 2.9\tex/generic/oberdiek\ltxcmds
.sty"
Package: ltxcmds 2016/05/16 v1.23 LaTeX kernel commands for general use (HO)
)
("C:\Users\edwin\AppData\Local\Programs\MiKTeX 2.9\tex/generic/oberdiek\ifpdf.s
ty"
Package: ifpdf 2018/09/07 v3.3 Provides the ifpdf switch
))
("C:\Users\edwin\AppData\Local\Programs\MiKTeX 2.9\tex/latex/graphics\keyval.st
y"
Package: keyval 2014/10/28 v1.15 key=value parser (DPC)
\KV@toks@=\toks21
))
("C:\Users\edwin\AppData\Local\Programs\MiKTeX 2.9\tex/latex/graphics\graphicx.
sty"
Package: graphicx 2017/06/01 v1.1a Enhanced LaTeX Graphics (DPC,SPQR)

("C:\Users\edwin\AppData\Local\Programs\MiKTeX 2.9\tex/latex/graphics\graphics.
sty"
Package: graphics 2017/06/25 v1.2c Standard LaTeX Graphics (DPC,SPQR)

("C:\Users\edwin\AppData\Local\Programs\MiKTeX 2.9\tex/latex/graphics\trig.sty"
Package: trig 2016/01/03 v1.10 sin cos tan (DPC)
)
("C:\Users\edwin\AppData\Local\Programs\MiKTeX 2.9\tex/latex/graphics-cfg\graph
ics.cfg"
File: graphics.cfg 2016/06/04 v1.11 sample graphics configuration
)
Package graphics Info: Driver file: pdftex.def on input line 99.
)
\Gin@req@height=\dimen132
\Gin@req@width=\dimen133
)
\AM@pagewidth=\dimen134
\AM@pageheight=\dimen135

("C:\Users\edwin\AppData\Local\Programs\MiKTeX 2.9\tex/latex/pdfpages\pppdftex.
def"
File: pppdftex.def 2017/10/31 v0.5l Pdfpages driver for pdfTeX (AM)
)
\AM@pagebox=\box33
\AM@global@opts=\toks22
\AM@toc@title=\toks23
\c@AM@survey=\count120
\AM@templatesizebox=\box34
)
("C:\Users\edwin\AppData\Local\Programs\MiKTeX 2.9\tex/latex/oberdiek\epstopdf.
sty"
Package: epstopdf 2016/05/15 v2.6 Conversion with epstopdf on the fly (HO)

("C:\Users\edwin\AppData\Local\Programs\MiKTeX 2.9\tex/latex/oberdiek\epstopdf-
base.sty"
Package: epstopdf-base 2016/05/15 v2.6 Base part for package epstopdf

("C:\Users\edwin\AppData\Local\Programs\MiKTeX 2.9\tex/latex/oberdiek\grfext.st
y"
Package: grfext 2016/05/16 v1.2 Manage graphics extensions (HO)

("C:\Users\edwin\AppData\Local\Programs\MiKTeX 2.9\tex/generic/oberdiek\kvdefin
ekeys.sty"
Package: kvdefinekeys 2016/05/16 v1.4 Define keys (HO)
))
("C:\Users\edwin\AppData\Local\Programs\MiKTeX 2.9\tex/latex/oberdiek\kvoptions
.sty"
Package: kvoptions 2016/05/16 v3.12 Key value format for package options (HO)

("C:\Users\edwin\AppData\Local\Programs\MiKTeX 2.9\tex/generic/oberdiek\kvsetke
ys.sty"
Package: kvsetkeys 2016/05/16 v1.17 Key value parser (HO)

("C:\Users\edwin\AppData\Local\Programs\MiKTeX 2.9\tex/generic/oberdiek\etexcmd
s.sty"
Package: etexcmds 2016/05/16 v1.6 Avoid name clashes with e-TeX commands (HO)

("C:\Users\edwin\AppData\Local\Programs\MiKTeX 2.9\tex/generic/oberdiek\ifluate
x.sty"
Package: ifluatex 2016/05/16 v1.4 Provides the ifluatex switch (HO)
Package ifluatex Info: LuaTeX not detected.
))))
("C:\Users\edwin\AppData\Local\Programs\MiKTeX 2.9\tex/generic/oberdiek\pdftexc
mds.sty"
Package: pdftexcmds 2018/09/10 v0.29 Utility functions of pdfTeX for LuaTeX (HO
)
Package pdftexcmds Info: LuaTeX not detected.
Package pdftexcmds Info: \pdf@primitive is available.
Package pdftexcmds Info: \pdf@ifprimitive is available.
Package pdftexcmds Info: \pdfdraftmode found.
)
Package epstopdf-base Info: Redefining graphics rule for `.eps' on input line 4
38.
Package grfext Info: Graphics extension search list:
(grfext)             [.pdf,.png,.jpg,.mps,.jpeg,.jbig2,.jb2,.PDF,.PNG,.JPG,.JPE
G,.JBIG2,.JB2,.eps]
(grfext)             \AppendGraphicsExtensions on input line 456.
))
("C:\Users\edwin\AppData\Local\Programs\MiKTeX 2.9\tex/latex/subfigure\subfigur
e.sty"
Package: subfigure 2002/07/30 v2.1.4 subfigure package
\subfigtopskip=\skip55
\subfigcapskip=\skip56
\subfigcaptopadj=\dimen136
\subfigbottomskip=\skip57
\subfigcapmargin=\dimen137
\subfiglabelskip=\skip58
\c@subfigure=\count121
\c@lofdepth=\count122
\c@subtable=\count123
\c@lotdepth=\count124

****************************************
* Local config file subfigure.cfg used *
****************************************

("C:\Users\edwin\AppData\Local\Programs\MiKTeX 2.9\tex/latex/subfigure\subfigur
e.cfg")
\subfig@top=\skip59
\subfig@bottom=\skip60
)
("C:\Users\edwin\AppData\Local\Programs\MiKTeX 2.9\tex/latex/base\inputenc.sty"
Package: inputenc 2018/08/11 v1.3c Input encoding file
\inpenc@prehook=\toks24
\inpenc@posthook=\toks25
) ("C:\Users\edwin\AppData\Local\Programs\MiKTeX 2.9\tex/latex/base\fontenc.sty
"
Package: fontenc 2018/08/11 v2.0j Standard LaTeX package
 ("C:\Users\edwin\AppData\Local\Programs\MiKTeX 2.9\tex/latex/base\t1enc.def"
File: t1enc.def 2018/08/11 v2.0j Standard LaTeX file
LaTeX Font Info:    Redeclaring font encoding T1 on input line 48.
))
("C:\Users\edwin\AppData\Local\Programs\MiKTeX 2.9\tex/latex/algorithms\algorit
hmic.sty"
Package: algorithmic 2009/08/24 v0.1 Document Style `algorithmic'
\c@ALC@unique=\count125
\c@ALC@line=\count126
\c@ALC@rem=\count127
\c@ALC@depth=\count128
\ALC@tlm=\skip61
\algorithmicindent=\skip62
)
("C:\Users\edwin\AppData\Local\Programs\MiKTeX 2.9\tex/latex/algorithms\algorit
hm.sty"
Package: algorithm 2009/08/24 v0.1 Document Style `algorithm' - floating enviro
nment

("C:\Users\edwin\AppData\Local\Programs\MiKTeX 2.9\tex/latex/float\float.sty"
Package: float 2001/11/08 v1.3d Float enhancements (AL)
\c@float@type=\count129
\float@exts=\toks26
\float@box=\box35
\@float@everytoks=\toks27
\@floatcapt=\box36
)
\@float@every@algorithm=\toks28
\c@algorithm=\count130
) ("C:\Users\edwin\AppData\Local\Programs\MiKTeX 2.9\tex/latex/xcolor\xcolor.st
y"
Package: xcolor 2016/05/11 v2.12 LaTeX color extensions (UK)

("C:\Users\edwin\AppData\Local\Programs\MiKTeX 2.9\tex/latex/graphics-cfg\color
.cfg"
File: color.cfg 2016/01/02 v1.6 sample color configuration
)
Package xcolor Info: Driver file: pdftex.def on input line 225.

("C:\Users\edwin\AppData\Local\Programs\MiKTeX 2.9\tex/latex/colortbl\colortbl.
sty"
Package: colortbl 2018/12/12 v1.0d Color table columns (DPC)

("C:\Users\edwin\AppData\Local\Programs\MiKTeX 2.9\tex/latex/tools\array.sty"
Package: array 2018/12/30 v2.4k Tabular extension package (FMi)
\col@sep=\dimen138
\ar@mcellbox=\box37
\extrarowheight=\dimen139
\NC@list=\toks29
\extratabsurround=\skip63
\backup@length=\skip64
\ar@cellbox=\box38
)
\everycr=\toks30
\minrowclearance=\skip65
)
LaTeX Info: Redefining \color on input line 709.
\rownum=\count131
Package xcolor Info: Model `cmy' substituted by `cmy0' on input line 1348.
Package xcolor Info: Model `hsb' substituted by `rgb' on input line 1352.
Package xcolor Info: Model `RGB' extended on input line 1364.
Package xcolor Info: Model `HTML' substituted by `rgb' on input line 1366.
Package xcolor Info: Model `Hsb' substituted by `hsb' on input line 1367.
Package xcolor Info: Model `tHsb' substituted by `hsb' on input line 1368.
Package xcolor Info: Model `HSB' substituted by `hsb' on input line 1369.
Package xcolor Info: Model `Gray' substituted by `gray' on input line 1370.
Package xcolor Info: Model `wave' substituted by `hsb' on input line 1371.
("C:\Users\edwin\AppData\Local\Programs\MiKTeX 2.9\tex/latex/xcolor\x11nam.def"
File: x11nam.def 2016/05/11 v2.12 Predefined colors according to Unix/X11 (UK)
))
("C:\Users\edwin\AppData\Local\Programs\MiKTeX 2.9\tex/latex/caption\caption.st
y"
Package: caption 2018/10/06 v3.3-154 Customizing captions (AR)

("C:\Users\edwin\AppData\Local\Programs\MiKTeX 2.9\tex/latex/caption\caption3.s
ty"
Package: caption3 2018/09/12 v1.8c caption3 kernel (AR)
Package caption3 Info: TeX engine: e-TeX on input line 64.
\captionmargin=\dimen140
\captionmargin@=\dimen141
\captionwidth=\dimen142
\caption@tempdima=\dimen143
\caption@indent=\dimen144
\caption@parindent=\dimen145
\caption@hangindent=\dimen146
)
\c@caption@flags=\count132
\c@ContinuedFloat=\count133
Package caption Info: float package is loaded.
Package caption Info: longtable package is loaded.

("C:\Users\edwin\AppData\Local\Programs\MiKTeX 2.9\tex/latex/caption\ltcaption.
sty"
Package: ltcaption 2018/08/26 v1.4-95 longtable captions (AR)
)
Package caption Info: subfigure package is loaded.
)
("C:\Users\edwin\AppData\Local\Programs\MiKTeX 2.9\tex/latex/natbib\natbib.sty"
Package: natbib 2010/09/13 8.31b (PWD, AO)
\bibhang=\skip66
\bibsep=\skip67
LaTeX Info: Redefining \cite on input line 694.
\c@NAT@ctr=\count134
) (Tesis.aux (Cap0.aux)
LaTeX Info: Redefining \. on input line 7.
LaTeX Info: Redefining \% on input line 7.
 (Cap1.aux) (Cap2.aux) (Cap3.aux) (Cap4.aux) (Cap5.aux)
(Apendice.aux))
\openout1 = `Tesis.aux'.

LaTeX Font Info:    Checking defaults for OML/cmm/m/it on input line 40.
LaTeX Font Info:    ... okay on input line 40.
LaTeX Font Info:    Checking defaults for T1/cmr/m/n on input line 40.
LaTeX Font Info:    ... okay on input line 40.
LaTeX Font Info:    Checking defaults for OT1/cmr/m/n on input line 40.
LaTeX Font Info:    ... okay on input line 40.
LaTeX Font Info:    Checking defaults for OMS/cmsy/m/n on input line 40.
LaTeX Font Info:    ... okay on input line 40.
LaTeX Font Info:    Checking defaults for OMX/cmex/m/n on input line 40.
LaTeX Font Info:    ... okay on input line 40.
LaTeX Font Info:    Checking defaults for U/cmr/m/n on input line 40.
LaTeX Font Info:    ... okay on input line 40.
LaTeX Font Info:    Try loading font information for T1+ptm on input line 40.

("C:\Users\edwin\AppData\Local\Programs\MiKTeX 2.9\tex/latex/psnfss\t1ptm.fd"
File: t1ptm.fd 2001/06/04 font definitions for T1/ptm.
)
LaTeX Info: Redefining \. on input line 40.
LaTeX Info: Redefining \% on input line 40.

("C:\Users\edwin\AppData\Local\Programs\MiKTeX 2.9\tex/context/base/mkii\supp-p
df.mkii"
[Loading MPS to PDF converter (version 2006.09.02).]
\scratchcounter=\count135
\scratchdimen=\dimen147
\scratchbox=\box39
\nofMPsegments=\count136
\nofMParguments=\count137
\everyMPshowfont=\toks31
\MPscratchCnt=\count138
\MPscratchDim=\dimen148
\MPnumerator=\count139
\makeMPintoPDFobject=\count140
\everyMPtoPDFconversion=\toks32
)
\AtBeginShipoutBox=\box40

("C:\Users\edwin\AppData\Local\Programs\MiKTeX 2.9\tex/latex/oberdiek\pdflscape
.sty"
Package: pdflscape 2016/05/14 v0.11 Display of landscape pages in PDF (HO)

("C:\Users\edwin\AppData\Local\Programs\MiKTeX 2.9\tex/latex/graphics\lscape.st
y"
Package: lscape 2000/10/22 v3.01 Landscape Pages (DPC)
)
Package pdflscape Info: Auto-detected driver: pdftex on input line 81.

("C:\Users\edwin\AppData\Local\Programs\MiKTeX 2.9\tex/generic/ifxetex\ifxetex.
sty"
Package: ifxetex 2010/09/12 v0.6 Provides ifxetex conditional
))
Package caption Info: Begin \AtBeginDocument code.
Package caption Info: End \AtBeginDocument code.
\openout2 = `Cap0.aux'.

 (Cap0.tex
LaTeX Font Info:    Font shape `T1/ptm/bx/n' in size <12> not available
(Font)              Font shape `T1/ptm/b/n' tried instead on input line 5.
LaTeX Font Info:    Font shape `T1/ptm/bx/n' in size <14> not available
(Font)              Font shape `T1/ptm/b/n' tried instead on input line 5.
<Imagenes/Cap0/unt.jpg, id=1, 506.89375pt x 409.53pt>
File: Imagenes/Cap0/unt.jpg Graphic file (type jpg)
<use Imagenes/Cap0/unt.jpg>
Package pdftex.def Info: Imagenes/Cap0/unt.jpg  used on input line 14.
(pdftex.def)             Requested size: 187.78531pt x 151.71118pt.
LaTeX Font Info:    Font shape `T1/ptm/bx/n' in size <17.28> not available
(Font)              Font shape `T1/ptm/b/n' tried instead on input line 20.
LaTeX Font Info:    Font shape `T1/ptm/bx/n' in size <17> not available
(Font)              Font shape `T1/ptm/b/n' tried instead on input line 20.
 [1


{C:/Users/edwin/AppData/Local/MiKTeX/2.9/pdftex/config/pdftex.map} <./Imagenes/
Cap0/unt.jpg>] [1] [2]
LaTeX Font Info:    Font shape `T1/ptm/bx/n' in size <20.74> not available
(Font)              Font shape `T1/ptm/b/n' tried instead on input line 98.
 [3] [4]
LaTeX Font Info:    Try loading font information for U+msa on input line 138.

("C:\Users\edwin\AppData\Local\Programs\MiKTeX 2.9\tex/latex/amsfonts\umsa.fd"
File: umsa.fd 2013/01/14 v3.01 AMS symbols A
)
LaTeX Font Info:    Try loading font information for U+msb on input line 138.
("C:\Users\edwin\AppData\Local\Programs\MiKTeX 2.9\tex/latex/amsfonts\umsb.fd"
File: umsb.fd 2013/01/14 v3.01 AMS symbols B
)
LaTeX Font Info:    Try loading font information for U+lasy on input line 138.
("C:\Users\edwin\AppData\Local\Programs\MiKTeX 2.9\tex/latex/base\ulasy.fd"
File: ulasy.fd 1998/08/17 v2.2e LaTeX symbol font definitions
)
[5] [6] [7] [8]) [9]
LaTeX Font Info:    Font shape `T1/ptm/bx/n' in size <24.88> not available
(Font)              Font shape `T1/ptm/b/n' tried instead on input line 44.
 (Tesis.lof
LaTeX Info: Redefining \. on input line 1.
LaTeX Info: Redefining \% on input line 1.
 [10


] [11] [12]
LaTeX Font Info:    Try loading font information for T1+pcr on input line 74.

("C:\Users\edwin\AppData\Local\Programs\MiKTeX 2.9\tex/latex/psnfss\t1pcr.fd"
File: t1pcr.fd 2001/06/04 font definitions for T1/pcr.
)
[13] [14])
\tf@lof=\write3
\openout3 = `Tesis.lof'.

 [15] (Tesis.lot
LaTeX Info: Redefining \. on input line 1.
LaTeX Info: Redefining \% on input line 1.
 [16

] [17])
\tf@lot=\write4
\openout4 = `Tesis.lot'.

 [18] (Tesis.toc
LaTeX Font Info:    Font shape `T1/ptm/bx/sc' in size <12> not available
(Font)              Font shape `T1/ptm/b/sc' tried instead on input line 1.
LaTeX Info: Redefining \. on input line 6.
LaTeX Info: Redefining \% on input line 6.
 [19

] [20] [21] [22])
\tf@toc=\write5
\openout5 = `Tesis.toc'.


[23]
\openout2 = `Cap1.aux'.

 (Cap1.tex
Cap\'{\i }tulo 1.
[1


] [2] [3] [4] [5] [6]
LaTeX Font Info:    Font shape `T1/ptm/bx/n' in size <14.4> not available
(Font)              Font shape `T1/ptm/b/n' tried instead on input line 52.
 [7] [8] [9]) [10]
\openout2 = `Cap2.aux'.

 (Cap2.tex
Cap\'{\i }tulo 2.
[11



] [12] [13] [14]
<Imagenes/Cap2/image001.jpg, id=132, 398.23781pt x 416.30531pt>
File: Imagenes/Cap2/image001.jpg Graphic file (type jpg)
<use Imagenes/Cap2/image001.jpg>
Package pdftex.def Info: Imagenes/Cap2/image001.jpg  used on input line 34.
(pdftex.def)             Requested size: 187.78531pt x 196.3051pt.
 [15 <./Imagenes/Cap2/image001.jpg>] [16] [17]
LaTeX Font Info:    Try loading font information for OMS+ptm on input line 95.

("C:\Users\edwin\AppData\Local\Programs\MiKTeX 2.9\tex/latex/psnfss\omsptm.fd"
File: omsptm.fd 
)
LaTeX Font Info:    Font shape `OMS/ptm/m/n' in size <12> not available
(Font)              Font shape `OMS/cmsy/m/n' tried instead on input line 95.
<Imagenes/Cap2/image004.jpg, id=142, 231.86626pt x 293.59688pt>
File: Imagenes/Cap2/image004.jpg Graphic file (type jpg)
<use Imagenes/Cap2/image004.jpg>
Package pdftex.def Info: Imagenes/Cap2/image004.jpg  used on input line 104.
(pdftex.def)             Requested size: 117.36761pt x 148.61691pt.
[18 <./Imagenes/Cap2/image004.jpg>]
<Imagenes/Cap2/image005.jpg, id=147, 318.43968pt x 79.04532pt>
File: Imagenes/Cap2/image005.jpg Graphic file (type jpg)
<use Imagenes/Cap2/image005.jpg>
Package pdftex.def Info: Imagenes/Cap2/image005.jpg  used on input line 124.
(pdftex.def)             Requested size: 258.21017pt x 64.09387pt.
<Imagenes/Cap2/image006.jpg, id=148, 246.1697pt x 112.92188pt>
File: Imagenes/Cap2/image006.jpg Graphic file (type jpg)
<use Imagenes/Cap2/image006.jpg>
Package pdftex.def Info: Imagenes/Cap2/image006.jpg  used on input line 136.
(pdftex.def)             Requested size: 234.73523pt x 107.6818pt.
 [19 <./Imagenes/Cap2/image005.jpg>]
[20 <./Imagenes/Cap2/image006.jpg>] [21]
<Imagenes/Cap2/image007.jpg, id=159, 404.26031pt x 201.00093pt>
File: Imagenes/Cap2/image007.jpg Graphic file (type jpg)
<use Imagenes/Cap2/image007.jpg>
Package pdftex.def Info: Imagenes/Cap2/image007.jpg  used on input line 170.
(pdftex.def)             Requested size: 389.66133pt x 193.74384pt.
 [22] [23 <./Imagenes/Cap2/image007.jpg>]
<Imagenes/Cap2/image008.jpg, id=166, 637.63219pt x 84.315pt>
File: Imagenes/Cap2/image008.jpg Graphic file (type jpg)
<use Imagenes/Cap2/image008.jpg>
Package pdftex.def Info: Imagenes/Cap2/image008.jpg  used on input line 190.
(pdftex.def)             Requested size: 281.68513pt x 37.24666pt.
 [24 <./Imagenes/Cap2/image008.jpg>] [25]
<Imagenes/Cap2/image010.jpg, id=175, 358.33875pt x 149.05687pt>
File: Imagenes/Cap2/image010.jpg Graphic file (type jpg)
<use Imagenes/Cap2/image010.jpg>
Package pdftex.def Info: Imagenes/Cap2/image010.jpg  used on input line 233.
(pdftex.def)             Requested size: 305.15292pt x 126.94229pt.
 [26 <./Imagenes/Cap2/image010.jpg>]
<Imagenes/Cap2/image011.jpg, id=179, 429.85594pt x 143.03438pt>
File: Imagenes/Cap2/image011.jpg Graphic file (type jpg)
<use Imagenes/Cap2/image011.jpg>
Package pdftex.def Info: Imagenes/Cap2/image011.jpg  used on input line 249.
(pdftex.def)             Requested size: 281.68513pt x 93.73293pt.
[27 <./Imagenes/Cap2/image011.jpg>] [28] [29]
<Imagenes/Cap2/image015.png, id=189, 437.635pt x 244.915pt>
File: Imagenes/Cap2/image015.png Graphic file (type png)
<use Imagenes/Cap2/image015.png>
Package pdftex.def Info: Imagenes/Cap2/image015.png  used on input line 285.
(pdftex.def)             Requested size: 305.15292pt x 170.77411pt.
 [30 <./Imagenes/Cap2/image015.png>] [31] [32] [33] [34] [35]
<Imagenes/Cap2/image019.png, id=211, 655.44875pt x 538.01pt>
File: Imagenes/Cap2/image019.png Graphic file (type png)
<use Imagenes/Cap2/image019.png>
Package pdftex.def Info: Imagenes/Cap2/image019.png  used on input line 418.
(pdftex.def)             Requested size: 295.76308pt x 242.76721pt.
 [36 <./Imagenes/Cap2/image019.png>]
<Imagenes/Cap2/image022.png, id=215, 479.7925pt x 388.45125pt>
File: Imagenes/Cap2/image022.png Graphic file (type png)
<use Imagenes/Cap2/image022.png>
Package pdftex.def Info: Imagenes/Cap2/image022.png  used on input line 439.
(pdftex.def)             Requested size: 211.26027pt x 171.04353pt.
 [37 <./Imagenes/Cap2/image022.png>]
<Imagenes/Cap2/image023.png, id=220, 444.66125pt x 261.97874pt>
File: Imagenes/Cap2/image023.png Graphic file (type png)
<use Imagenes/Cap2/image023.png>
Package pdftex.def Info: Imagenes/Cap2/image023.png  used on input line 453.
(pdftex.def)             Requested size: 211.26027pt x 124.46518pt.
<Imagenes/Cap2/image024.png, id=221, 448.67625pt x 214.8025pt>
File: Imagenes/Cap2/image024.png Graphic file (type png)
<use Imagenes/Cap2/image024.png>
Package pdftex.def Info: Imagenes/Cap2/image024.png  used on input line 467.
(pdftex.def)             Requested size: 234.73523pt x 112.3764pt.
 [38 <./Imagenes/Cap2/image023.png> <./Imagenes/Cap2/image024.png>] [39] [40] [
41] [42] [43]
LaTeX Font Info:    Font shape `T1/ptm/bx/n' in size <10.95> not available
(Font)              Font shape `T1/ptm/b/n' tried instead on input line 595.
 [44] [45] [46] [47]
<Imagenes/Cap2/image027.png, id=254, 311.1625pt x 159.59625pt>
File: Imagenes/Cap2/image027.png Graphic file (type png)
<use Imagenes/Cap2/image027.png>
Package pdftex.def Info: Imagenes/Cap2/image027.png  used on input line 673.
(pdftex.def)             Requested size: 258.21017pt x 132.43805pt.
 [48 <./Imagenes/Cap2/image027.png>]
<Imagenes/Cap2/image028.png, id=258, 431.6125pt x 439.6425pt>
File: Imagenes/Cap2/image028.png Graphic file (type png)
<use Imagenes/Cap2/image028.png>
Package pdftex.def Info: Imagenes/Cap2/image028.png  used on input line 693.
(pdftex.def)             Requested size: 164.31752pt x 167.37447pt.
<Imagenes/Cap2/image029.png, id=259, 430.60875pt x 444.66125pt>
File: Imagenes/Cap2/image029.png Graphic file (type png)
<use Imagenes/Cap2/image029.png>
Package pdftex.def Info: Imagenes/Cap2/image029.png  used on input line 703.
(pdftex.def)             Requested size: 164.31752pt x 169.67867pt.
 [49 <./Imagenes/Cap2/image028.png> <./Imagenes/Cap2/image029.png>]
<Imagenes/Cap2/image030.png, id=264, 499.8675pt x 284.06125pt>
File: Imagenes/Cap2/image030.png Graphic file (type png)
<use Imagenes/Cap2/image030.png>
Package pdftex.def Info: Imagenes/Cap2/image030.png  used on input line 718.
(pdftex.def)             Requested size: 211.26027pt x 120.05475pt.

[50 <./Imagenes/Cap2/image030.png>]
<Imagenes/Cap2/image032.jpg, id=268, 686.565pt x 248.42813pt>
File: Imagenes/Cap2/image032.jpg Graphic file (type jpg)
<use Imagenes/Cap2/image032.jpg>
Package pdftex.def Info: Imagenes/Cap2/image032.jpg  used on input line 746.
(pdftex.def)             Requested size: 262.9023pt x 95.12769pt.
 [51 <./Imagenes/Cap2/image032.jpg>]
[52]
<Imagenes/Cap2/image034.png, id=275, 908.39375pt x 359.3425pt>
File: Imagenes/Cap2/image034.png Graphic file (type png)
<use Imagenes/Cap2/image034.png>
Package pdftex.def Info: Imagenes/Cap2/image034.png  used on input line 773.
(pdftex.def)             Requested size: 352.10284pt x 139.28215pt.
 [53 <./Imagenes/Cap2/image034.png>]
<Imagenes/Cap2/image036.png, id=279, 355.3275pt x 118.94438pt>
File: Imagenes/Cap2/image036.png Graphic file (type png)
<use Imagenes/Cap2/image036.png>
Package pdftex.def Info: Imagenes/Cap2/image036.png  used on input line 816.
(pdftex.def)             Requested size: 281.68513pt x 94.29533pt.
 [54 <./Imagenes/Cap2/image036.png>]
[55] [56] [57]
<Imagenes/Cap2/image037.png, id=295, 479.7925pt x 458.71375pt>
File: Imagenes/Cap2/image037.png Graphic file (type png)
<use Imagenes/Cap2/image037.png>
Package pdftex.def Info: Imagenes/Cap2/image037.png  used on input line 861.
(pdftex.def)             Requested size: 258.21017pt x 246.8688pt.
 [58 <./Imagenes/Cap2/image037.png>]
<Imagenes/Cap2/image039.png, id=299, 339.2675pt x 598.235pt>
File: Imagenes/Cap2/image039.png Graphic file (type png)
<use Imagenes/Cap2/image039.png>
Package pdftex.def Info: Imagenes/Cap2/image039.png  used on input line 878.
(pdftex.def)             Requested size: 187.78531pt x 331.12065pt.
 [59 <./Imagenes/Cap2/image039.png>] [60] [61] [62] [63] [64] [65] [66] [67] [6
8] [69] [70]
<Imagenes/Cap2/image046.png, id=342, 497.86pt x 406.51875pt>
File: Imagenes/Cap2/image046.png Graphic file (type png)
<use Imagenes/Cap2/image046.png>
Package pdftex.def Info: Imagenes/Cap2/image046.png  used on input line 1152.
(pdftex.def)             Requested size: 164.31752pt x 134.1702pt.
 [71 <./Imagenes/Cap2/image046.png>]
<Imagenes/Cap2/image050.png, id=346, 285.065pt x 207.77625pt>
File: Imagenes/Cap2/image050.png Graphic file (type png)
<use Imagenes/Cap2/image050.png>
Package pdftex.def Info: Imagenes/Cap2/image050.png  used on input line 1174.
(pdftex.def)             Requested size: 140.84256pt x 102.65457pt.
 [72 <./Imagenes/Cap2/image050.png>]
<Imagenes/Cap2/image051.png, id=350, 336.25626pt x 202.7575pt>
File: Imagenes/Cap2/image051.png Graphic file (type png)
<use Imagenes/Cap2/image051.png>
Package pdftex.def Info: Imagenes/Cap2/image051.png  used on input line 1188.
(pdftex.def)             Requested size: 164.31752pt x 99.07979pt.
<Imagenes/Cap2/image052.png, id=351, 282.05376pt x 204.765pt>
File: Imagenes/Cap2/image052.png Graphic file (type png)
<use Imagenes/Cap2/image052.png>
Package pdftex.def Info: Imagenes/Cap2/image052.png  used on input line 1201.
(pdftex.def)             Requested size: 140.84256pt x 102.24788pt.
 [73 <./Imagenes/Cap2/image051.png> <./Imagenes/Cap2/image052.png>]
<Imagenes/Cap2/image053.png, id=356, 397.485pt x 298.11375pt>
File: Imagenes/Cap2/image053.png Graphic file (type png)
<use Imagenes/Cap2/image053.png>
Package pdftex.def Info: Imagenes/Cap2/image053.png  used on input line 1232.
(pdftex.def)             Requested size: 211.26027pt x 158.44986pt.
 [74] [75 <./Imagenes/Cap2/image053.png>] [76]
<Imagenes/Cap2/image054.png, id=366, 399.4925pt x 492.84125pt>
File: Imagenes/Cap2/image054.png Graphic file (type png)
<use Imagenes/Cap2/image054.png>
Package pdftex.def Info: Imagenes/Cap2/image054.png  used on input line 1299.
(pdftex.def)             Requested size: 258.21017pt x 318.56073pt.
 [77 <./Imagenes/Cap2/image054.png>] [78]
<Imagenes/Cap2/image055.png, id=373, 390.45876pt x 227.85126pt>
File: Imagenes/Cap2/image055.png Graphic file (type png)
<use Imagenes/Cap2/image055.png>
Package pdftex.def Info: Imagenes/Cap2/image055.png  used on input line 1356.
(pdftex.def)             Requested size: 234.73523pt x 136.9795pt.
 [79] [80 <./Imagenes/Cap2/image055.png>]
<Imagenes/Cap2/image056.png, id=381, 459.7175pt x 445.665pt>
File: Imagenes/Cap2/image056.png Graphic file (type png)
<use Imagenes/Cap2/image056.png>
Package pdftex.def Info: Imagenes/Cap2/image056.png  used on input line 1420.
(pdftex.def)             Requested size: 234.73523pt x 227.56496pt.
 [81] [82 <./Imagenes/Cap2/image056.png>]
<Imagenes/Cap2/image057.png, id=388, 536.0025pt x 469.755pt>
File: Imagenes/Cap2/image057.png Graphic file (type png)
<use Imagenes/Cap2/image057.png>
Package pdftex.def Info: Imagenes/Cap2/image057.png  used on input line 1445.
(pdftex.def)             Requested size: 359.14503pt x 314.75572pt.
 [83 <./Imagenes/Cap2/image057.png>] [84] [85] [86] [87]
<Imagenes/Cap2/image058.png, id=405, 487.8225pt x 282.05376pt>
File: Imagenes/Cap2/image058.png Graphic file (type png)
<use Imagenes/Cap2/image058.png>
Package pdftex.def Info: Imagenes/Cap2/image058.png  used on input line 1512.
(pdftex.def)             Requested size: 234.73523pt x 135.71996pt.
 [88 <./Imagenes/Cap2/image058.png>] [89]
[90] [91] [92] [93]
<Imagenes/Cap2/image059.png, id=426, 606.01407pt x 355.3275pt>
File: Imagenes/Cap2/image059.png Graphic file (type png)
<use Imagenes/Cap2/image059.png>
Package pdftex.def Info: Imagenes/Cap2/image059.png  used on input line 1618.
(pdftex.def)             Requested size: 375.57779pt x 220.214pt.
) [94 <./Imagenes/Cap2/image059.png>]
\openout2 = `Cap3.aux'.

 (Cap3.tex
Cap\'{\i }tulo 3.
<Imagenes/Cap3/image001.png, id=431, 740.7675pt x 542.025pt>
File: Imagenes/Cap3/image001.png Graphic file (type png)
<use Imagenes/Cap3/image001.png>
Package pdftex.def Info: Imagenes/Cap3/image001.png  used on input line 7.
(pdftex.def)             Requested size: 469.47046pt x 343.52039pt.
[95



] [96 <./Imagenes/Cap3/image001.png>]
<Imagenes/Cap3/image002.png, id=438, 691.58376pt x 524.96124pt>
File: Imagenes/Cap3/image002.png Graphic file (type png)
<use Imagenes/Cap3/image002.png>
Package pdftex.def Info: Imagenes/Cap3/image002.png  used on input line 40.
(pdftex.def)             Requested size: 234.73523pt x 178.18007pt.
 [97] [98 <./Imagenes/Cap3/image002.png>]
Overfull \vbox (43.90297pt too high) has occurred while \output is active []


[99] [100]
<Imagenes/Cap3/image003.jpg, id=452, 265.74281pt x 398.99063pt>
File: Imagenes/Cap3/image003.jpg Graphic file (type jpg)
<use Imagenes/Cap3/image003.jpg>
Package pdftex.def Info: Imagenes/Cap3/image003.jpg  used on input line 108.
(pdftex.def)             Requested size: 201.86885pt x 303.096pt.
 [101 <./Imagenes/Cap3/image003.jpg>]
<Imagenes/Cap3/image008.jpg, id=456, 459.96844pt x 328.97906pt>
File: Imagenes/Cap3/image008.jpg Graphic file (type jpg)
<use Imagenes/Cap3/image008.jpg>
Package pdftex.def Info: Imagenes/Cap3/image008.jpg  used on input line 131.
(pdftex.def)             Requested size: 281.68513pt x 201.4801pt.
 [102]
<Imagenes/Cap3/image009.jpg, id=460, 611.28375pt x 152.06813pt>
File: Imagenes/Cap3/image009.jpg Graphic file (type jpg)
<use Imagenes/Cap3/image009.jpg>
Package pdftex.def Info: Imagenes/Cap3/image009.jpg  used on input line 145.
(pdftex.def)             Requested size: 375.57779pt x 93.43199pt.
 [103 <./Imagenes/Cap3/image008.jpg> <./Imagenes/Cap3/image009.jpg>]
<Imagenes/Cap3/image010.jpg, id=465, 461.47406pt x 124.21407pt>
File: Imagenes/Cap3/image010.jpg Graphic file (type jpg)
<use Imagenes/Cap3/image010.jpg>
Package pdftex.def Info: Imagenes/Cap3/image010.jpg  used on input line 161.
(pdftex.def)             Requested size: 328.62788pt x 88.45604pt.
<Imagenes/Cap3/image013.jpg, id=466, 457.71pt x 96.36pt>
File: Imagenes/Cap3/image013.jpg Graphic file (type jpg)
<use Imagenes/Cap3/image013.jpg>
Package pdftex.def Info: Imagenes/Cap3/image013.jpg  used on input line 177.
(pdftex.def)             Requested size: 328.62788pt x 69.18797pt.
<Imagenes/Cap3/image014.jpg, id=467, 461.47406pt x 260.47313pt>
File: Imagenes/Cap3/image014.jpg Graphic file (type jpg)
<use Imagenes/Cap3/image014.jpg>
Package pdftex.def Info: Imagenes/Cap3/image014.jpg  used on input line 191.
(pdftex.def)             Requested size: 352.10284pt x 198.74063pt.
 [104 <./Imagenes/Cap3/image010.jpg> <./Imagenes/Cap3/image013.jpg>]
<Imagenes/Cap3/image017.jpg, id=471, 472.01344pt x 836.3747pt>
File: Imagenes/Cap3/image017.jpg Graphic file (type jpg)
<use Imagenes/Cap3/image017.jpg>
Package pdftex.def Info: Imagenes/Cap3/image017.jpg  used on input line 206.
(pdftex.def)             Requested size: 305.15292pt x 540.71461pt.
 [105 <./Imagenes/Cap3/image014.jpg>]
Overfull \vbox (48.90642pt too high) has occurred while \output is active []


[106 <./Imagenes/Cap3/image017.jpg>]
<Imagenes/Cap3/image019.jpg, id=478, 455.45157pt x 568.37344pt>
File: Imagenes/Cap3/image019.jpg Graphic file (type jpg)
<use Imagenes/Cap3/image019.jpg>
Package pdftex.def Info: Imagenes/Cap3/image019.jpg  used on input line 222.
(pdftex.def)             Requested size: 305.15292pt x 380.8169pt.
 [107 <./Imagenes/Cap3/image019.jpg>]
<Imagenes/Cap3/image023.jpg, id=482, 456.95718pt x 420.82219pt>
File: Imagenes/Cap3/image023.jpg Graphic file (type jpg)
<use Imagenes/Cap3/image023.jpg>
Package pdftex.def Info: Imagenes/Cap3/image023.jpg  used on input line 238.
(pdftex.def)             Requested size: 328.62788pt x 302.65141pt.

[108 <./Imagenes/Cap3/image023.jpg>]
<Imagenes/Cap3/image025.jpg, id=486, 538.26094pt x 598.48593pt>
File: Imagenes/Cap3/image025.jpg Graphic file (type jpg)
<use Imagenes/Cap3/image025.jpg>
Package pdftex.def Info: Imagenes/Cap3/image025.jpg  used on input line 254.
(pdftex.def)             Requested size: 338.0193pt x 375.84268pt.
 [109 <./Imagenes/Cap3/image025.jpg>]
<Imagenes/Cap3/image026.jpg, id=491, 557.83406pt x 429.85594pt>
File: Imagenes/Cap3/image026.jpg Graphic file (type jpg)
<use Imagenes/Cap3/image026.jpg>
Package pdftex.def Info: Imagenes/Cap3/image026.jpg  used on input line 270.
(pdftex.def)             Requested size: 399.05275pt x 307.50864pt.

[110 <./Imagenes/Cap3/image026.jpg>]
<Imagenes/Cap3/image030.jpg, id=495, 475.7775pt x 111.41624pt>
File: Imagenes/Cap3/image030.jpg Graphic file (type jpg)
<use Imagenes/Cap3/image030.jpg>
Package pdftex.def Info: Imagenes/Cap3/image030.jpg  used on input line 287.
(pdftex.def)             Requested size: 328.62788pt x 76.96059pt.
<Imagenes/Cap3/image032.jpg, id=496, 553.31718pt x 568.37344pt>
File: Imagenes/Cap3/image032.jpg Graphic file (type jpg)
<use Imagenes/Cap3/image032.jpg>
Package pdftex.def Info: Imagenes/Cap3/image032.jpg  used on input line 303.
(pdftex.def)             Requested size: 370.87851pt x 380.96434pt.
 [111 <./Imagenes/Cap3/image030.jpg>]
<Imagenes/Cap3/image033.jpg, id=500, 459.96844pt x 382.42876pt>
File: Imagenes/Cap3/image033.jpg Graphic file (type jpg)
<use Imagenes/Cap3/image033.jpg>
Package pdftex.def Info: Imagenes/Cap3/image033.jpg  used on input line 319.
(pdftex.def)             Requested size: 328.62788pt x 273.24191pt.

[112 <./Imagenes/Cap3/image032.jpg>]
<Imagenes/Cap3/image034.jpg, id=504, 456.95718pt x 761.09344pt>
File: Imagenes/Cap3/image034.jpg Graphic file (type jpg)
<use Imagenes/Cap3/image034.jpg>
Package pdftex.def Info: Imagenes/Cap3/image034.jpg  used on input line 333.
(pdftex.def)             Requested size: 328.62788pt x 547.37137pt.
 [113 <./Imagenes/Cap3/image033.jpg>]
Overfull \vbox (55.56317pt too high) has occurred while \output is active []


[114 <./Imagenes/Cap3/image034.jpg>]
<Imagenes/Cap3/image035.png, id=511, 65.7pt x 116.946pt>
File: Imagenes/Cap3/image035.png Graphic file (type png)
<use Imagenes/Cap3/image035.png>
Package pdftex.def Info: Imagenes/Cap3/image035.png  used on input line 350.
(pdftex.def)             Requested size: 117.36761pt x 208.92696pt.
<Imagenes/Cap3/image039.png, id=512, 66.0285pt x 117.2745pt>
File: Imagenes/Cap3/image039.png Graphic file (type png)
<use Imagenes/Cap3/image039.png>
Package pdftex.def Info: Imagenes/Cap3/image039.png  used on input line 366.
(pdftex.def)             Requested size: 117.36761pt x 208.47414pt.
 [115 <./Imagenes/Cap3/image035.png>]
<Imagenes/Cap3/image040.png, id=517, 67.014pt x 119.2455pt>
File: Imagenes/Cap3/image040.png Graphic file (type png)
<use Imagenes/Cap3/image040.png>
Package pdftex.def Info: Imagenes/Cap3/image040.png  used on input line 380.
(pdftex.def)             Requested size: 117.36761pt x 208.86285pt.

[116 <./Imagenes/Cap3/image039.png>]
<Imagenes/Cap3/image041.png, id=521, 67.014pt x 119.2455pt>
File: Imagenes/Cap3/image041.png Graphic file (type png)
<use Imagenes/Cap3/image041.png>
Package pdftex.def Info: Imagenes/Cap3/image041.png  used on input line 395.
(pdftex.def)             Requested size: 117.36761pt x 208.86285pt.
 [117 <./Imagenes/Cap3/image040.png>]
<Imagenes/Cap3/image042.png, id=525, 70.956pt x 126.144pt>
File: Imagenes/Cap3/image042.png Graphic file (type png)
<use Imagenes/Cap3/image042.png>
Package pdftex.def Info: Imagenes/Cap3/image042.png  used on input line 409.
(pdftex.def)             Requested size: 117.36761pt x 208.65984pt.

[118 <./Imagenes/Cap3/image041.png>]
<Imagenes/Cap3/image043.png, id=529, 70.956pt x 126.144pt>
File: Imagenes/Cap3/image043.png Graphic file (type png)
<use Imagenes/Cap3/image043.png>
Package pdftex.def Info: Imagenes/Cap3/image043.png  used on input line 423.
(pdftex.def)             Requested size: 117.36761pt x 208.65984pt.
 [119 <./Imagenes/Cap3/image042.png>]
<Imagenes/Cap3/image044.png, id=533, 70.6275pt x 125.8155pt>
File: Imagenes/Cap3/image044.png Graphic file (type png)
<use Imagenes/Cap3/image044.png>
Package pdftex.def Info: Imagenes/Cap3/image044.png  used on input line 437.
(pdftex.def)             Requested size: 117.36761pt x 209.08403pt.

[120 <./Imagenes/Cap3/image043.png>]
<Imagenes/Cap3/image045.png, id=537, 70.6275pt x 125.8155pt>
File: Imagenes/Cap3/image045.png Graphic file (type png)
<use Imagenes/Cap3/image045.png>
Package pdftex.def Info: Imagenes/Cap3/image045.png  used on input line 451.
(pdftex.def)             Requested size: 117.36761pt x 209.08403pt.
 [121 <./Imagenes/Cap3/image044.png>]
<Imagenes/Cap3/image046.png, id=542, 71.613pt x 127.458pt>
File: Imagenes/Cap3/image046.png Graphic file (type png)
<use Imagenes/Cap3/image046.png>
Package pdftex.def Info: Imagenes/Cap3/image046.png  used on input line 465.
(pdftex.def)             Requested size: 117.36761pt x 208.90211pt.

[122 <./Imagenes/Cap3/image045.png>]
<Imagenes/Cap3/image047.png, id=546, 65.3715pt x 116.289pt>
File: Imagenes/Cap3/image047.png Graphic file (type png)
<use Imagenes/Cap3/image047.png>
Package pdftex.def Info: Imagenes/Cap3/image047.png  used on input line 479.
(pdftex.def)             Requested size: 117.36761pt x 208.79657pt.
 [123 <./Imagenes/Cap3/image046.png>]
<Imagenes/Cap3/image048.png, id=551, 69.3135pt x 123.1875pt>
File: Imagenes/Cap3/image048.png Graphic file (type png)
<use Imagenes/Cap3/image048.png>
Package pdftex.def Info: Imagenes/Cap3/image048.png  used on input line 493.
(pdftex.def)             Requested size: 117.36761pt x 208.59267pt.

[124 <./Imagenes/Cap3/image047.png>]
<Imagenes/Cap3/image050.png, id=555, 78.5115pt x 139.284pt>
File: Imagenes/Cap3/image050.png Graphic file (type png)
<use Imagenes/Cap3/image050.png>
Package pdftex.def Info: Imagenes/Cap3/image050.png  used on input line 507.
(pdftex.def)             Requested size: 117.36761pt x 208.22624pt.
 [125 <./Imagenes/Cap3/image048.png>]
<Imagenes/Cap3/image051.png, id=559, 80.811pt x 143.883pt>
File: Imagenes/Cap3/image051.png Graphic file (type png)
<use Imagenes/Cap3/image051.png>
Package pdftex.def Info: Imagenes/Cap3/image051.png  used on input line 521.
(pdftex.def)             Requested size: 117.36761pt x 208.98723pt.

[126 <./Imagenes/Cap3/image050.png>]
<Imagenes/Cap3/image053.png, id=563, 70.956pt x 126.4725pt>
File: Imagenes/Cap3/image053.png Graphic file (type png)
<use Imagenes/Cap3/image053.png>
Package pdftex.def Info: Imagenes/Cap3/image053.png  used on input line 536.
(pdftex.def)             Requested size: 117.36761pt x 209.20323pt.
 [127 <./Imagenes/Cap3/image051.png>]
<Imagenes/Cap3/image054.png, id=568, 359.09157pt x 294.34969pt>
File: Imagenes/Cap3/image054.png Graphic file (type png)
<use Imagenes/Cap3/image054.png>
Package pdftex.def Info: Imagenes/Cap3/image054.png  used on input line 550.
(pdftex.def)             Requested size: 258.21017pt x 211.6711pt.

[128 <./Imagenes/Cap3/image053.png>]
<Imagenes/Cap3/image060.png, id=572, 70.299pt x 125.1585pt>
File: Imagenes/Cap3/image060.png Graphic file (type png)
<use Imagenes/Cap3/image060.png>
Package pdftex.def Info: Imagenes/Cap3/image060.png  used on input line 564.
(pdftex.def)             Requested size: 117.36761pt x 208.96234pt.
 [129 <./Imagenes/Cap3/image054.png>]
<Imagenes/Cap3/image061.png, id=577, 74.241pt x 132.057pt>
File: Imagenes/Cap3/image061.png Graphic file (type png)
<use Imagenes/Cap3/image061.png>
Package pdftex.def Info: Imagenes/Cap3/image061.png  used on input line 577.
(pdftex.def)             Requested size: 117.36761pt x 208.78682pt.

[130 <./Imagenes/Cap3/image060.png> <./Imagenes/Cap3/image061.png>]
<Imagenes/Cap3/image062.jpg, id=581, 288.3272pt x 710.655pt>
File: Imagenes/Cap3/image062.jpg Graphic file (type jpg)
<use Imagenes/Cap3/image062.jpg>
Package pdftex.def Info: Imagenes/Cap3/image062.jpg  used on input line 598.
(pdftex.def)             Requested size: 187.78531pt x 462.86368pt.
 [131]
<Imagenes/Cap3/image063.jpg, id=585, 500.62032pt x 675.27281pt>
File: Imagenes/Cap3/image063.jpg Graphic file (type jpg)
<use Imagenes/Cap3/image063.jpg>
Package pdftex.def Info: Imagenes/Cap3/image063.jpg  used on input line 612.
(pdftex.def)             Requested size: 305.15292pt x 411.6273pt.

[132 <./Imagenes/Cap3/image062.jpg>] [133 <./Imagenes/Cap3/image063.jpg>]
[134]
<Imagenes/Cap3/image069.jpg, id=596, 526.21594pt x 333.49594pt>
File: Imagenes/Cap3/image069.jpg Graphic file (type jpg)
<use Imagenes/Cap3/image069.jpg>
Package pdftex.def Info: Imagenes/Cap3/image069.jpg  used on input line 646.
(pdftex.def)             Requested size: 291.06938pt x 184.47668pt.
 [135]
<Imagenes/Cap3/image070.jpg, id=600, 519.44063pt x 389.20406pt>
File: Imagenes/Cap3/image070.jpg Graphic file (type jpg)
<use Imagenes/Cap3/image070.jpg>
Package pdftex.def Info: Imagenes/Cap3/image070.jpg  used on input line 661.
(pdftex.def)             Requested size: 197.17673pt x 147.73872pt.
 [136 <./Imagenes/Cap3/image069.jpg> <./Imagenes/Cap3/image070.jpg>] (TablasCap
3.tex [137] [138] [139] [140] [141] [142] [143] [144] [145] [146]
[147] [148] [149] [150] [151] [152]) [153]
<Imagenes/Cap3/image074.png, id=658, 916.42375pt x 665.48625pt>
File: Imagenes/Cap3/image074.png Graphic file (type png)
<use Imagenes/Cap3/image074.png>
Package pdftex.def Info: Imagenes/Cap3/image074.png  used on input line 696.
(pdftex.def)             Requested size: 305.15292pt x 221.59126pt.
<Imagenes/Cap3/image075.png, id=659, 915.42pt x 665.48625pt>
File: Imagenes/Cap3/image075.png Graphic file (type png)
<use Imagenes/Cap3/image075.png>
Package pdftex.def Info: Imagenes/Cap3/image075.png  used on input line 710.
(pdftex.def)             Requested size: 305.15292pt x 221.83496pt.
 [154 <./Imagenes/Cap3/image074.png>]
<Imagenes/Cap3/image076.png, id=663, 917.4275pt x 665.48625pt>
File: Imagenes/Cap3/image076.png Graphic file (type png)
<use Imagenes/Cap3/image076.png>
Package pdftex.def Info: Imagenes/Cap3/image076.png  used on input line 724.
(pdftex.def)             Requested size: 305.15292pt x 221.34755pt.
[155 <./Imagenes/Cap3/image075.png> <./Imagenes/Cap3/image076.png>]
<Imagenes/Cap3/image077.png, id=667, 915.42pt x 662.475pt>
File: Imagenes/Cap3/image077.png Graphic file (type png)
<use Imagenes/Cap3/image077.png>
Package pdftex.def Info: Imagenes/Cap3/image077.png  used on input line 749.
(pdftex.def)             Requested size: 305.15292pt x 220.83119pt.
 [156]
<Imagenes/Cap3/image078.png, id=671, 916.42375pt x 663.47874pt>
File: Imagenes/Cap3/image078.png Graphic file (type png)
<use Imagenes/Cap3/image078.png>
Package pdftex.def Info: Imagenes/Cap3/image078.png  used on input line 763.
(pdftex.def)             Requested size: 305.15292pt x 220.9228pt.
<Imagenes/Cap3/image080.jpg, id=672, 685.8122pt x 497.60907pt>
File: Imagenes/Cap3/image080.jpg Graphic file (type jpg)
<use Imagenes/Cap3/image080.jpg>
Package pdftex.def Info: Imagenes/Cap3/image080.jpg  used on input line 775.
(pdftex.def)             Requested size: 305.15292pt x 221.41635pt.

[157 <./Imagenes/Cap3/image077.png> <./Imagenes/Cap3/image078.png>]
<Imagenes/Cap3/image083.jpg, id=677, 687.31781pt x 498.36188pt>
File: Imagenes/Cap3/image083.jpg Graphic file (type jpg)
<use Imagenes/Cap3/image083.jpg>
Package pdftex.def Info: Imagenes/Cap3/image083.jpg  used on input line 789.
(pdftex.def)             Requested size: 305.15292pt x 221.25703pt.
 [158 <./Imagenes/Cap3/image080.jpg> <./Imagenes/Cap3/image083.jpg>]
<Imagenes/Cap3/image084.png, id=681, 916.42375pt x 662.475pt>
File: Imagenes/Cap3/image084.png Graphic file (type png)
<use Imagenes/Cap3/image084.png>
Package pdftex.def Info: Imagenes/Cap3/image084.png  used on input line 804.
(pdftex.def)             Requested size: 305.15292pt x 220.5886pt.
 [159 <./Imagenes/Cap3/image084.png>]
Underfull \hbox (badness 10000) in paragraph at lines 841--843

 []

[160]
<Imagenes/Cap3/image085.jpg, id=688, 595.47469pt x 672.26157pt>
File: Imagenes/Cap3/image085.jpg Graphic file (type jpg)
<use Imagenes/Cap3/image085.jpg>
Package pdftex.def Info: Imagenes/Cap3/image085.jpg  used on input line 853.
(pdftex.def)             Requested size: 399.05275pt x 450.50523pt.
 [161] [162 <./Imagenes/Cap3/image085.jpg>]
<Imagenes/Cap3/image086.jpg, id=695, 596.98032pt x 325.96782pt>
File: Imagenes/Cap3/image086.jpg Graphic file (type jpg)
<use Imagenes/Cap3/image086.jpg>
Package pdftex.def Info: Imagenes/Cap3/image086.jpg  used on input line 867.
(pdftex.def)             Requested size: 399.05275pt x 217.89493pt.
<Imagenes/Cap3/image087.jpg, id=696, 615.80063pt x 324.46219pt>
File: Imagenes/Cap3/image087.jpg Graphic file (type jpg)
<use Imagenes/Cap3/image087.jpg>
Package pdftex.def Info: Imagenes/Cap3/image087.jpg  used on input line 881.
(pdftex.def)             Requested size: 399.05275pt x 210.26419pt.
 [163 <./Imagenes/Cap3/image086.jpg>]
<Imagenes/Cap3/image088.jpg, id=701, 560.8453pt x 103.88812pt>
File: Imagenes/Cap3/image088.jpg Graphic file (type jpg)
<use Imagenes/Cap3/image088.jpg>
Package pdftex.def Info: Imagenes/Cap3/image088.jpg  used on input line 895.
(pdftex.def)             Requested size: 399.05275pt x 73.91801pt.
<Imagenes/Cap3/image089.jpg, id=702, 643.6547pt x 741.52031pt>
File: Imagenes/Cap3/image089.jpg Graphic file (type jpg)
<use Imagenes/Cap3/image089.jpg>
Package pdftex.def Info: Imagenes/Cap3/image089.jpg  used on input line 908.
(pdftex.def)             Requested size: 399.05275pt x 459.73784pt.
) [164 <./Imagenes/Cap3/image087.jpg> <./Imagenes/Cap3/image088.jpg>]
[165 <./Imagenes/Cap3/image089.jpg>]
\openout2 = `Cap4.aux'.

 (Cap4.tex
Cap\'{\i }tulo 4.
[166



] [167] [168] [169] [170] [171] [172]
<Imagenes/Cap4/image001.jpg, id=731, 670.75594pt x 392.96812pt>
File: Imagenes/Cap4/image001.jpg Graphic file (type jpg)
<use Imagenes/Cap4/image001.jpg>
Package pdftex.def Info: Imagenes/Cap4/image001.jpg  used on input line 257.
(pdftex.def)             Requested size: 328.62788pt x 192.52608pt.
 [173]
<Imagenes/Cap4/image002.png, id=735, 663.98062pt x 392.21532pt>
File: Imagenes/Cap4/image002.png Graphic file (type png)
<use Imagenes/Cap4/image002.png>
Package pdftex.def Info: Imagenes/Cap4/image002.png  used on input line 270.
(pdftex.def)             Requested size: 328.62788pt x 194.12024pt.
 [174 <./Imagenes/Cap4/image001.jpg> <./Imagenes/Cap4/image002.png>] [175] [176
]
<Imagenes/Cap4/image003.jpg, id=747, 660.21657pt x 383.93437pt>
File: Imagenes/Cap4/image003.jpg Graphic file (type jpg)
<use Imagenes/Cap4/image003.jpg>
Package pdftex.def Info: Imagenes/Cap4/image003.jpg  used on input line 501.
(pdftex.def)             Requested size: 328.62788pt x 191.11139pt.
<Imagenes/Cap4/image004.png, id=748, 663.98062pt x 389.95688pt>
File: Imagenes/Cap4/image004.png Graphic file (type png)
<use Imagenes/Cap4/image004.png>
Package pdftex.def Info: Imagenes/Cap4/image004.png  used on input line 513.
(pdftex.def)             Requested size: 328.62788pt x 193.00247pt.
 [177 <./Imagenes/Cap4/image003.jpg>] [178 <./Imagenes/Cap4/image004.png>]
<Imagenes/Cap4/image005.jpg, id=756, 652.68843pt x 328.22626pt>
File: Imagenes/Cap4/image005.jpg Graphic file (type jpg)
<use Imagenes/Cap4/image005.jpg>
Package pdftex.def Info: Imagenes/Cap4/image005.jpg  used on input line 571.
(pdftex.def)             Requested size: 281.68513pt x 141.6604pt.
<Imagenes/Cap4/image006.jpg, id=757, 658.71094pt x 328.22626pt>
File: Imagenes/Cap4/image006.jpg Graphic file (type jpg)
<use Imagenes/Cap4/image006.jpg>
Package pdftex.def Info: Imagenes/Cap4/image006.jpg  used on input line 584.
(pdftex.def)             Requested size: 281.68513pt x 140.36325pt.
 [179 <./Imagenes/Cap4/image005.jpg>] [180 <./Imagenes/Cap4/image006.jpg>] [181
] [182]
<Imagenes/Cap4/image007.jpg, id=771, 668.4975pt x 391.4625pt>
File: Imagenes/Cap4/image007.jpg Graphic file (type jpg)
<use Imagenes/Cap4/image007.jpg>
Package pdftex.def Info: Imagenes/Cap4/image007.jpg  used on input line 762.
(pdftex.def)             Requested size: 328.62788pt x 192.44548pt.
 [183]
<Imagenes/Cap4/image008.png, id=775, 663.22781pt x 388.45125pt>
File: Imagenes/Cap4/image008.png Graphic file (type png)
<use Imagenes/Cap4/image008.png>
Package pdftex.def Info: Imagenes/Cap4/image008.png  used on input line 775.
(pdftex.def)             Requested size: 328.62788pt x 192.4766pt.
 [184 <./Imagenes/Cap4/image007.jpg> <./Imagenes/Cap4/image008.png>] [185]
<Imagenes/Cap4/image009.jpg, id=783, 667.74469pt x 391.4625pt>
File: Imagenes/Cap4/image009.jpg Graphic file (type jpg)
<use Imagenes/Cap4/image009.jpg>
Package pdftex.def Info: Imagenes/Cap4/image009.jpg  used on input line 925.
(pdftex.def)             Requested size: 328.62788pt x 192.66052pt.
<Imagenes/Cap4/image010.png, id=784, 664.73344pt x 392.21532pt>
File: Imagenes/Cap4/image010.png Graphic file (type png)
<use Imagenes/Cap4/image010.png>
Package pdftex.def Info: Imagenes/Cap4/image010.png  used on input line 939.
(pdftex.def)             Requested size: 328.62788pt x 193.9048pt.
 [186 <./Imagenes/Cap4/image009.jpg>] [187 <./Imagenes/Cap4/image010.png>] [188
] [189]
<Imagenes/Cap4/image011.png, id=799, 432.86719pt x 252.19218pt>
File: Imagenes/Cap4/image011.png Graphic file (type png)
<use Imagenes/Cap4/image011.png>
Package pdftex.def Info: Imagenes/Cap4/image011.png  used on input line 1095.
(pdftex.def)             Requested size: 281.68513pt x 164.11922pt.
 [190 <./Imagenes/Cap4/image011.png>]) [191]
\openout2 = `Cap5.aux'.

 (Cap5.tex
Cap\'{\i }tulo 5.
[192



]

LaTeX Warning: Reference `table:tabla3.2' on page 193 undefined on input line 1
0.

[193] [194] [195] [196] [197]) [198] (Tesis.bbl
Underfull \hbox (badness 4366) in paragraph at lines 14--17
[]\T1/ptm/m/n/12 Cook, S. (2002).  Speech re-cog-ni-tion how-to.  $\T1/pcr/m/n/
12 http : / / www . tldp . org / HOWTO /
 []

[199


]
Underfull \hbox (badness 10000) in paragraph at lines 43--47
[]\T1/ptm/m/n/12 Fermax (2016).  Sis-te-mas de iden-ti-fi-ca-cin en el con-tro
l de ac-
 []


Underfull \hbox (badness 10000) in paragraph at lines 43--47
\T1/ptm/m/n/12 ce-sos: cul ele-gir?  $\T1/pcr/m/n/12 https : / / blog . ferma
x . com / esp /
 []


Overfull \hbox (17.77647pt too wide) in paragraph at lines 43--47
\T1/pcr/m/n/12 sistemas-[]de-[]identificacin-[]en-[]el-[]control-[]de-[]acces
os-[]cul-[]elegir$\T1/ptm/m/n/12 . 
 []


Underfull \hbox (badness 10000) in paragraph at lines 80--84
[]\T1/ptm/m/n/12 Mathematics (2015).  Nor-ma-li-sa-tion of a ran-ge of num-bers
 to anot-her ran-
 []


Underfull \hbox (badness 10000) in paragraph at lines 80--84
\T1/ptm/m/n/12 ge.  $\T1/pcr/m/n/12 https : / / math . stackexchange . com / qu
estions / 1554078 /
 []

[200] [201]
Underfull \hbox (badness 10000) in paragraph at lines 136--140
[]\T1/ptm/m/n/12 Sanchez, H. (2015).  Ven-ta-jas y des-ven-ta-jas de los con-tr
o-les bio-m-tri-cos.
 []


Underfull \hbox (badness 10000) in paragraph at lines 136--140
\T1/pcr/m/n/12 http : / / controlbiometricodigital . blogspot . com / 2015 / 07
 /
 []


Underfull \hbox (badness 10000) in paragraph at lines 155--159
[]\T1/ptm/m/n/12 Toast, T. (2018).  La his-to-ria de los sis-te-mas de re-co-no
-ci-mien-
 []


Underfull \hbox (badness 10000) in paragraph at lines 155--159
\T1/ptm/m/n/12 to de voz.  $\T1/pcr/m/n/12 https : / / www . timetoast . com / 
timelines /
 []

[202]) [203]
\openout2 = `Apendice.aux'.

 (Apendice.tex
Ap\'{e}ndice A.
[204


] [205]
<Imagenes/Apendice/image001.png, id=852, 636.12656pt x 381.67593pt>
File: Imagenes/Apendice/image001.png Graphic file (type png)
<use Imagenes/Apendice/image001.png>
Package pdftex.def Info: Imagenes/Apendice/image001.png  used on input line 52.

(pdftex.def)             Requested size: 422.52054pt x 253.50847pt.


LaTeX Warning: `!h' float specifier changed to `!ht'.

) [206] [207 <./Imagenes/Apendice/image001.png>]
<Documentos/DECLARACION_JURADA.pdf, id=860, 597.63278pt x 845.1575pt>
File: Documentos/DECLARACION_JURADA.pdf Graphic file (type pdf)
<use Documentos/DECLARACION_JURADA.pdf>
Package pdftex.def Info: Documentos/DECLARACION_JURADA.pdf  used on input line 
63.
(pdftex.def)             Requested size: 597.63132pt x 845.15544pt.
File: Documentos/DECLARACION_JURADA.pdf Graphic file (type pdf)
<use Documentos/DECLARACION_JURADA.pdf>
Package pdftex.def Info: Documentos/DECLARACION_JURADA.pdf  used on input line 
63.
(pdftex.def)             Requested size: 597.63132pt x 845.15544pt.
<Documentos/DECLARACION_JURADA.pdf, id=863, page=1, 597.63278pt x 845.1575pt>
File: Documentos/DECLARACION_JURADA.pdf Graphic file (type pdf)
<use Documentos/DECLARACION_JURADA.pdf, page 1>
Package pdftex.def Info: Documentos/DECLARACION_JURADA.pdf , page1 used on inpu
t line 63.
(pdftex.def)             Requested size: 597.63132pt x 845.15544pt.
File: Documentos/DECLARACION_JURADA.pdf Graphic file (type pdf)
<use Documentos/DECLARACION_JURADA.pdf, page 1>
Package pdftex.def Info: Documentos/DECLARACION_JURADA.pdf , page1 used on inpu
t line 63.
(pdftex.def)             Requested size: 598.26053pt x 846.04526pt.
File: Documentos/DECLARACION_JURADA.pdf Graphic file (type pdf)
<use Documentos/DECLARACION_JURADA.pdf, page 1>
Package pdftex.def Info: Documentos/DECLARACION_JURADA.pdf , page1 used on inpu
t line 63.
(pdftex.def)             Requested size: 598.26053pt x 846.04526pt.
File: Documentos/DECLARACION_JURADA.pdf Graphic file (type pdf)
<use Documentos/DECLARACION_JURADA.pdf, page 1>
Package pdftex.def Info: Documentos/DECLARACION_JURADA.pdf , page1 used on inpu
t line 63.
(pdftex.def)             Requested size: 598.26053pt x 846.04526pt.
File: Documentos/DECLARACION_JURADA.pdf Graphic file (type pdf)
<use Documentos/DECLARACION_JURADA.pdf, page 1>
Package pdftex.def Info: Documentos/DECLARACION_JURADA.pdf , page1 used on inpu
t line 63.
(pdftex.def)             Requested size: 598.26053pt x 846.04526pt.
 [208

 <./Documentos/DECLARACION_JURADA.pdf>]
<Documentos/CARTA_AUTORIZACION.pdf, id=892, 597.63278pt x 845.1575pt>
File: Documentos/CARTA_AUTORIZACION.pdf Graphic file (type pdf)
<use Documentos/CARTA_AUTORIZACION.pdf>
Package pdftex.def Info: Documentos/CARTA_AUTORIZACION.pdf  used on input line 
65.
(pdftex.def)             Requested size: 597.63132pt x 845.15544pt.
File: Documentos/CARTA_AUTORIZACION.pdf Graphic file (type pdf)
<use Documentos/CARTA_AUTORIZACION.pdf>
Package pdftex.def Info: Documentos/CARTA_AUTORIZACION.pdf  used on input line 
65.
(pdftex.def)             Requested size: 597.63132pt x 845.15544pt.
<Documentos/CARTA_AUTORIZACION.pdf, id=895, page=1, 597.63278pt x 845.1575pt>
File: Documentos/CARTA_AUTORIZACION.pdf Graphic file (type pdf)
<use Documentos/CARTA_AUTORIZACION.pdf, page 1>
Package pdftex.def Info: Documentos/CARTA_AUTORIZACION.pdf , page1 used on inpu
t line 65.
(pdftex.def)             Requested size: 597.63132pt x 845.15544pt.
File: Documentos/CARTA_AUTORIZACION.pdf Graphic file (type pdf)
<use Documentos/CARTA_AUTORIZACION.pdf, page 1>
Package pdftex.def Info: Documentos/CARTA_AUTORIZACION.pdf , page1 used on inpu
t line 65.
(pdftex.def)             Requested size: 598.26053pt x 846.04526pt.
File: Documentos/CARTA_AUTORIZACION.pdf Graphic file (type pdf)
<use Documentos/CARTA_AUTORIZACION.pdf, page 1>
Package pdftex.def Info: Documentos/CARTA_AUTORIZACION.pdf , page1 used on inpu
t line 65.
(pdftex.def)             Requested size: 598.26053pt x 846.04526pt.
File: Documentos/CARTA_AUTORIZACION.pdf Graphic file (type pdf)
<use Documentos/CARTA_AUTORIZACION.pdf, page 1>
Package pdftex.def Info: Documentos/CARTA_AUTORIZACION.pdf , page1 used on inpu
t line 65.
(pdftex.def)             Requested size: 598.26053pt x 846.04526pt.
File: Documentos/CARTA_AUTORIZACION.pdf Graphic file (type pdf)
<use Documentos/CARTA_AUTORIZACION.pdf, page 1>
Package pdftex.def Info: Documentos/CARTA_AUTORIZACION.pdf , page1 used on inpu
t line 65.
(pdftex.def)             Requested size: 598.26053pt x 846.04526pt.
 [209 <./Documentos/CARTA_AUTORIZACION.pdf>] (Tesis.aux (Cap0.aux)
LaTeX Info: Redefining \. on input line 7.
LaTeX Info: Redefining \% on input line 7.
(Cap1.aux) (Cap2.aux) (Cap3.aux) (Cap4.aux) (Cap5.aux) (Apendice.aux))

LaTeX Warning: There were undefined references.

 ) 
Here is how much of TeX's memory you used:
 8585 strings out of 492945
 133472 string characters out of 3126252
 288052 words of memory out of 3000000
 12118 multiletter control sequences out of 15000+200000
 75384 words of font info for 94 fonts, out of 3000000 for 9000
 1141 hyphenation exceptions out of 8191
 42i,18n,43p,1149b,657s stack positions out of 5000i,500n,10000p,200000b,50000s
{C:/Users/edwin/AppData/Local/Programs/MiKTeX 2.9/fonts/enc/dvips/base/8r.enc
}<C:/Users/edwin/AppData/Local/Programs/MiKTeX 2.9/fonts/type1/public/amsfonts/
cm/cmbx12.pfb><C:/Users/edwin/AppData/Local/Programs/MiKTeX 2.9/fonts/type1/pub
lic/amsfonts/cm/cmbx8.pfb><C:/Users/edwin/AppData/Local/Programs/MiKTeX 2.9/fon
ts/type1/public/amsfonts/cm/cmex10.pfb><C:/Users/edwin/AppData/Local/Programs/M
iKTeX 2.9/fonts/type1/public/amsfonts/cmextra/cmex8.pfb><C:/Users/edwin/AppData
/Local/Programs/MiKTeX 2.9/fonts/type1/public/amsfonts/cm/cmmi10.pfb><C:/Users/
edwin/AppData/Local/Programs/MiKTeX 2.9/fonts/type1/public/amsfonts/cm/cmmi12.p
fb><C:/Users/edwin/AppData/Local/Programs/MiKTeX 2.9/fonts/type1/public/amsfont
s/cm/cmmi6.pfb><C:/Users/edwin/AppData/Local/Programs/MiKTeX 2.9/fonts/type1/pu
blic/amsfonts/cm/cmmi8.pfb><C:/Users/edwin/AppData/Local/Programs/MiKTeX 2.9/fo
nts/type1/public/amsfonts/cm/cmr10.pfb><C:/Users/edwin/AppData/Local/Programs/M
iKTeX 2.9/fonts/type1/public/amsfonts/cm/cmr12.pfb><C:/Users/edwin/AppData/Loca
l/Programs/MiKTeX 2.9/fonts/type1/public/amsfonts/cm/cmr6.pfb><C:/Users/edwin/A
ppData/Local/Programs/MiKTeX 2.9/fonts/type1/public/amsfonts/cm/cmr8.pfb><C:/Us
ers/edwin/AppData/Local/Programs/MiKTeX 2.9/fonts/type1/public/amsfonts/cm/cmsy
10.pfb><C:/Users/edwin/AppData/Local/Programs/MiKTeX 2.9/fonts/type1/public/ams
fonts/cm/cmsy6.pfb><C:/Users/edwin/AppData/Local/Programs/MiKTeX 2.9/fonts/type
1/public/amsfonts/cm/cmsy8.pfb><C:/Users/edwin/AppData/Local/Programs/MiKTeX 2.
9/fonts/type1/urw/courier/ucrr8a.pfb><C:/Users/edwin/AppData/Local/Programs/MiK
TeX 2.9/fonts/type1/urw/times/utmb8a.pfb><C:/Users/edwin/AppData/Local/Programs
/MiKTeX 2.9/fonts/type1/urw/times/utmr8a.pfb><C:/Users/edwin/AppData/Local/Prog
rams/MiKTeX 2.9/fonts/type1/urw/times/utmri8a.pfb>
Output written on Tesis.pdf (233 pages, 6171024 bytes).
PDF statistics:
 998 PDF objects out of 1000 (max. 8388607)
 0 named destinations out of 1000 (max. 500000)
 526 words of extra memory for PDF output out of 10000 (max. 10000000)

